<!DOCTYPE html PUBLIC "-//W3C//DTD XHTML 1.1//EN" "http://www.w3.org/TR/xhtml11/DTD/xhtml11.dtd">
<html xmlns="http://www.w3.org/1999/xhtml"><head><title>TestNG Report</title><style type="text/css">table {margin-bottom:10px;border-collapse:collapse;empty-cells:show}th,td {border:1px solid #009;padding:.25em .5em}th {vertical-align:bottom}td {vertical-align:top}table a {font-weight:bold}.stripe td {background-color: #E6EBF9}.num {text-align:right}.passedodd td {background-color: #3F3}.passedeven td {background-color: #0A0}.skippedodd td {background-color: #DDD}.skippedeven td {background-color: #CCC}.failedodd td,.attn {background-color: #F33}.failedeven td,.stripe .attn {background-color: #D00}.stacktrace {white-space:pre;font-family:monospace}.totop {font-size:85%;text-align:center;border-bottom:2px solid #000}</style></head><body><table><tr><th>Test</th><th># Passed</th><th># Skipped</th><th># Failed</th><th>Time (ms)</th><th>Included Groups</th><th>Excluded Groups</th></tr><tr><th colspan="7">Suite</th></tr><tr><td><a href="#t0">Login_Test</a></td><td class="num">1</td><td class="num">0</td><td class="num">0</td><td class="num">41,612</td><td></td><td></td></tr><tr class="stripe"><td><a href="#t1">Profile_Test</a></td><td class="num">0</td><td class="num attn">1</td><td class="num">0</td><td class="num">133</td><td></td><td></td></tr><tr><td><a href="#t2">FriendList_Test</a></td><td class="num">0</td><td class="num attn">1</td><td class="num">0</td><td class="num">161</td><td></td><td></td></tr><tr class="stripe"><td><a href="#t3">ChangPassword_Test</a></td><td class="num">0</td><td class="num attn">1</td><td class="num">0</td><td class="num">178</td><td></td><td></td></tr><tr><th>Total</th><th class="num">1</th><th class="num attn">3</th><th class="num">0</th><th class="num">42,084</th><th colspan="2"></th></tr></table><table id='summary'><thead><tr><th>Class</th><th>Method</th><th>Start</th><th>Time (ms)</th></tr></thead><tbody><tr><th colspan="4">Suite</th></tr></tbody><tbody id="t0"><tr><th colspan="4">Login_Test &#8212; passed</th></tr><tr class="passedeven"><td rowspan="1">com.pageobjectmodel.ddf.testcases.LoginTest</td><td><a href="#m0">doLogin</a></td><td rowspan="1">1508146540300</td><td rowspan="1">37392</td></tr></tbody><tbody id="t1"><tr><th colspan="4">Profile_Test &#8212; skipped</th></tr><tr class="skippedeven"><td rowspan="1">com.pageobjectmodel.ddf.testcases.ProfileTest</td><td><a href="#m1">verifyProfile</a></td><td rowspan="1">1508146580916</td><td rowspan="1">2</td></tr></tbody><tbody id="t2"><tr><th colspan="4">FriendList_Test &#8212; skipped</th></tr><tr class="skippedeven"><td rowspan="1">com.pageobjectmodel.ddf.testcases.FriendListTest</td><td><a href="#m2">friendList</a></td><td rowspan="1">1508146581133</td><td rowspan="1">3</td></tr></tbody><tbody id="t3"><tr><th colspan="4">ChangPassword_Test &#8212; skipped</th></tr><tr class="skippedeven"><td rowspan="1">com.pageobjectmodel.ddf.testcases.ChangePasswordTest</td><td><a href="#m3">changePswd</a></td><td rowspan="1">1508146581337</td><td rowspan="1">3</td></tr></tbody></table><h2>Login_Test</h2><h3 id="m0">com.pageobjectmodel.ddf.testcases.LoginTest#doLogin</h3><table class="result"><tr class="param"><th>Parameter #1</th><th>Parameter #2</th><th>Parameter #3</th><th>Parameter #4</th></tr><tr class="param stripe"><td>rajani07aug@@gmail.com</td><td>Virgo@2004</td><td>Rajani Singh</td><td>Positive</td></tr></table><p class="totop"><a href="#summary">back to summary</a></p><h2>Profile_Test</h2><h3 id="m1">com.pageobjectmodel.ddf.testcases.ProfileTest#verifyProfile</h3><table class="result"><tr class="param"><th>Parameter #1</th><th>Parameter #2</th><th>Parameter #3</th><th>Parameter #4</th></tr><tr class="param stripe"><td>rajani07aug@@gmail.com</td><td>Virgo@2004</td><td>Rajani Singh</td><td>Positive</td></tr><tr><th colspan="4">Exception</th></tr><tr><td colspan="4"><div class="stacktrace">org.testng.SkipException: Skipping the test as Rnumode is N
	at com.pageobjectmodel.ddf.testcases.ProfileTest.verifyProfile(ProfileTest.java:42)
... Removed 28 stack frames</div></td></tr></table><p class="totop"><a href="#summary">back to summary</a></p><h2>FriendList_Test</h2><h3 id="m2">com.pageobjectmodel.ddf.testcases.FriendListTest#friendList</h3><table class="result"><tr class="param"><th>Parameter #1</th><th>Parameter #2</th><th>Parameter #3</th><th>Parameter #4</th></tr><tr class="param stripe"><td>rajani07aug@@gmail.com</td><td>Virgo@2004</td><td>Rajani Singh</td><td>Positive</td></tr><tr><th colspan="4">Exception</th></tr><tr><td colspan="4"><div class="stacktrace">org.testng.SkipException: Skipping the test as Rnumode is N
	at com.pageobjectmodel.ddf.testcases.FriendListTest.friendList(FriendListTest.java:57)
... Removed 28 stack frames</div></td></tr></table><p class="totop"><a href="#summary">back to summary</a></p><h2>ChangPassword_Test</h2><h3 id="m3">com.pageobjectmodel.ddf.testcases.ChangePasswordTest#changePswd</h3><table class="result"><tr class="param"><th>Parameter #1</th><th>Parameter #2</th><th>Parameter #3</th></tr><tr class="param stripe"><td>rajani07aug@@gmail.com</td><td>Virgo@2004</td><td>Virgo@2005</td></tr><tr><th colspan="3">Exception</th></tr><tr><td colspan="3"><div class="stacktrace">org.testng.SkipException: Skipping the test as Rnumode is N
	at com.pageobjectmodel.ddf.testcases.ChangePasswordTest.changePswd(ChangePasswordTest.java:55)
... Removed 28 stack frames</div></td></tr></table><p class="totop"><a href="#summary">back to summary</a></p></body></html>