<?xml version="1.0" encoding="UTF-8"?>
<testng-results skipped="3" failed="0" ignored="0" total="4" passed="1">
  <reporter-output>
  </reporter-output>
  <suite name="Suite" duration-ms="42327" started-at="2017-10-16T09:35:39Z" finished-at="2017-10-16T09:36:21Z">
    <groups>
    </groups>
    <test name="Login_Test" duration-ms="41612" started-at="2017-10-16T09:35:39Z" finished-at="2017-10-16T09:36:20Z">
      <class name="com.pageobjectmodel.ddf.testcases.LoginTest">
        <test-method status="PASS" signature="init()[pri:0, instance:com.pageobjectmodel.ddf.testcases.LoginTest@69a3d1d]" name="init" is-config="true" duration-ms="10" started-at="2017-10-16T15:05:40Z" finished-at="2017-10-16T15:05:40Z">
          <reporter-output>
          </reporter-output>
        </test-method> <!-- init -->
        <test-method status="PASS" signature="doLogin(java.lang.String, java.lang.String, java.lang.String, java.lang.String)[pri:0, instance:com.pageobjectmodel.ddf.testcases.LoginTest@69a3d1d]" name="doLogin" duration-ms="37392" started-at="2017-10-16T15:05:40Z" data-provider="getLoginData" finished-at="2017-10-16T15:06:17Z">
          <params>
            <param index="0">
              <value>
                <![CDATA[rajani07aug@@gmail.com]]>
              </value>
            </param>
            <param index="1">
              <value>
                <![CDATA[Virgo@2004]]>
              </value>
            </param>
            <param index="2">
              <value>
                <![CDATA[Rajani Singh]]>
              </value>
            </param>
            <param index="3">
              <value>
                <![CDATA[Positive]]>
              </value>
            </param>
          </params>
          <reporter-output>
          </reporter-output>
        </test-method> <!-- doLogin -->
        <test-method status="PASS" signature="quit()[pri:0, instance:com.pageobjectmodel.ddf.testcases.LoginTest@69a3d1d]" name="quit" is-config="true" duration-ms="3101" started-at="2017-10-16T15:06:17Z" finished-at="2017-10-16T15:06:20Z">
          <reporter-output>
          </reporter-output>
        </test-method> <!-- quit -->
      </class> <!-- com.pageobjectmodel.ddf.testcases.LoginTest -->
    </test> <!-- Login_Test -->
    <test name="Profile_Test" duration-ms="133" started-at="2017-10-16T09:36:20Z" finished-at="2017-10-16T09:36:21Z">
      <class name="com.pageobjectmodel.ddf.testcases.ProfileTest">
        <test-method status="PASS" signature="init()[pri:0, instance:com.pageobjectmodel.ddf.testcases.ProfileTest@32d2fa64]" name="init" is-config="true" duration-ms="0" started-at="2017-10-16T15:06:20Z" finished-at="2017-10-16T15:06:20Z">
          <reporter-output>
          </reporter-output>
        </test-method> <!-- init -->
        <test-method status="SKIP" signature="verifyProfile(java.lang.String, java.lang.String, java.lang.String, java.lang.String)[pri:0, instance:com.pageobjectmodel.ddf.testcases.ProfileTest@32d2fa64]" name="verifyProfile" duration-ms="2" started-at="2017-10-16T15:06:20Z" data-provider="getLoginData" finished-at="2017-10-16T15:06:20Z">
          <params>
            <param index="0">
              <value>
                <![CDATA[rajani07aug@@gmail.com]]>
              </value>
            </param>
            <param index="1">
              <value>
                <![CDATA[Virgo@2004]]>
              </value>
            </param>
            <param index="2">
              <value>
                <![CDATA[Rajani Singh]]>
              </value>
            </param>
            <param index="3">
              <value>
                <![CDATA[Positive]]>
              </value>
            </param>
          </params>
          <exception class="org.testng.SkipException">
            <message>
              <![CDATA[Skipping the test as Rnumode is N]]>
            </message>
            <full-stacktrace>
              <![CDATA[org.testng.SkipException: Skipping the test as Rnumode is N
	at com.pageobjectmodel.ddf.testcases.ProfileTest.verifyProfile(ProfileTest.java:42)
	at sun.reflect.NativeMethodAccessorImpl.invoke0(Native Method)
	at sun.reflect.NativeMethodAccessorImpl.invoke(NativeMethodAccessorImpl.java:62)
	at sun.reflect.DelegatingMethodAccessorImpl.invoke(DelegatingMethodAccessorImpl.java:43)
	at java.lang.reflect.Method.invoke(Method.java:497)
	at org.testng.internal.MethodInvocationHelper.invokeMethod(MethodInvocationHelper.java:108)
	at org.testng.internal.Invoker.invokeMethod(Invoker.java:661)
	at org.testng.internal.Invoker.invokeTestMethod(Invoker.java:869)
	at org.testng.internal.Invoker.invokeTestMethods(Invoker.java:1193)
	at org.testng.internal.TestMethodWorker.invokeTestMethods(TestMethodWorker.java:126)
	at org.testng.internal.TestMethodWorker.run(TestMethodWorker.java:109)
	at org.testng.TestRunner.privateRun(TestRunner.java:744)
	at org.testng.TestRunner.run(TestRunner.java:602)
	at org.testng.SuiteRunner.runTest(SuiteRunner.java:380)
	at org.testng.SuiteRunner.runSequentially(SuiteRunner.java:375)
	at org.testng.SuiteRunner.privateRun(SuiteRunner.java:340)
	at org.testng.SuiteRunner.run(SuiteRunner.java:289)
	at org.testng.SuiteRunnerWorker.runSuite(SuiteRunnerWorker.java:52)
	at org.testng.SuiteRunnerWorker.run(SuiteRunnerWorker.java:86)
	at org.testng.TestNG.runSuitesSequentially(TestNG.java:1301)
	at org.testng.TestNG.runSuitesLocally(TestNG.java:1226)
	at org.testng.TestNG.runSuites(TestNG.java:1144)
	at org.testng.TestNG.run(TestNG.java:1115)
	at org.apache.maven.surefire.testng.TestNGExecutor.run(TestNGExecutor.java:281)
	at org.apache.maven.surefire.testng.TestNGXmlTestSuite.execute(TestNGXmlTestSuite.java:75)
	at org.apache.maven.surefire.testng.TestNGProvider.invoke(TestNGProvider.java:121)
	at org.apache.maven.surefire.booter.ForkedBooter.invokeProviderInSameClassLoader(ForkedBooter.java:290)
	at org.apache.maven.surefire.booter.ForkedBooter.runSuitesInProcess(ForkedBooter.java:242)
	at org.apache.maven.surefire.booter.ForkedBooter.main(ForkedBooter.java:121)
]]>
            </full-stacktrace>
          </exception> <!-- org.testng.SkipException -->
          <reporter-output>
          </reporter-output>
        </test-method> <!-- verifyProfile -->
        <test-method status="PASS" signature="quit()[pri:0, instance:com.pageobjectmodel.ddf.testcases.ProfileTest@32d2fa64]" name="quit" is-config="true" duration-ms="127" started-at="2017-10-16T15:06:20Z" finished-at="2017-10-16T15:06:21Z">
          <reporter-output>
          </reporter-output>
        </test-method> <!-- quit -->
      </class> <!-- com.pageobjectmodel.ddf.testcases.ProfileTest -->
    </test> <!-- Profile_Test -->
    <test name="FriendList_Test" duration-ms="161" started-at="2017-10-16T09:36:21Z" finished-at="2017-10-16T09:36:21Z">
      <class name="com.pageobjectmodel.ddf.testcases.FriendListTest">
        <test-method status="PASS" signature="init()[pri:0, instance:com.pageobjectmodel.ddf.testcases.FriendListTest@6b57696f]" name="init" is-config="true" duration-ms="0" started-at="2017-10-16T15:06:21Z" finished-at="2017-10-16T15:06:21Z">
          <reporter-output>
          </reporter-output>
        </test-method> <!-- init -->
        <test-method status="SKIP" signature="friendList(java.lang.String, java.lang.String, java.lang.String, java.lang.String)[pri:0, instance:com.pageobjectmodel.ddf.testcases.FriendListTest@6b57696f]" name="friendList" duration-ms="3" started-at="2017-10-16T15:06:21Z" data-provider="getLoginData" finished-at="2017-10-16T15:06:21Z">
          <params>
            <param index="0">
              <value>
                <![CDATA[rajani07aug@@gmail.com]]>
              </value>
            </param>
            <param index="1">
              <value>
                <![CDATA[Virgo@2004]]>
              </value>
            </param>
            <param index="2">
              <value>
                <![CDATA[Rajani Singh]]>
              </value>
            </param>
            <param index="3">
              <value>
                <![CDATA[Positive]]>
              </value>
            </param>
          </params>
          <exception class="org.testng.SkipException">
            <message>
              <![CDATA[Skipping the test as Rnumode is N]]>
            </message>
            <full-stacktrace>
              <![CDATA[org.testng.SkipException: Skipping the test as Rnumode is N
	at com.pageobjectmodel.ddf.testcases.FriendListTest.friendList(FriendListTest.java:57)
	at sun.reflect.NativeMethodAccessorImpl.invoke0(Native Method)
	at sun.reflect.NativeMethodAccessorImpl.invoke(NativeMethodAccessorImpl.java:62)
	at sun.reflect.DelegatingMethodAccessorImpl.invoke(DelegatingMethodAccessorImpl.java:43)
	at java.lang.reflect.Method.invoke(Method.java:497)
	at org.testng.internal.MethodInvocationHelper.invokeMethod(MethodInvocationHelper.java:108)
	at org.testng.internal.Invoker.invokeMethod(Invoker.java:661)
	at org.testng.internal.Invoker.invokeTestMethod(Invoker.java:869)
	at org.testng.internal.Invoker.invokeTestMethods(Invoker.java:1193)
	at org.testng.internal.TestMethodWorker.invokeTestMethods(TestMethodWorker.java:126)
	at org.testng.internal.TestMethodWorker.run(TestMethodWorker.java:109)
	at org.testng.TestRunner.privateRun(TestRunner.java:744)
	at org.testng.TestRunner.run(TestRunner.java:602)
	at org.testng.SuiteRunner.runTest(SuiteRunner.java:380)
	at org.testng.SuiteRunner.runSequentially(SuiteRunner.java:375)
	at org.testng.SuiteRunner.privateRun(SuiteRunner.java:340)
	at org.testng.SuiteRunner.run(SuiteRunner.java:289)
	at org.testng.SuiteRunnerWorker.runSuite(SuiteRunnerWorker.java:52)
	at org.testng.SuiteRunnerWorker.run(SuiteRunnerWorker.java:86)
	at org.testng.TestNG.runSuitesSequentially(TestNG.java:1301)
	at org.testng.TestNG.runSuitesLocally(TestNG.java:1226)
	at org.testng.TestNG.runSuites(TestNG.java:1144)
	at org.testng.TestNG.run(TestNG.java:1115)
	at org.apache.maven.surefire.testng.TestNGExecutor.run(TestNGExecutor.java:281)
	at org.apache.maven.surefire.testng.TestNGXmlTestSuite.execute(TestNGXmlTestSuite.java:75)
	at org.apache.maven.surefire.testng.TestNGProvider.invoke(TestNGProvider.java:121)
	at org.apache.maven.surefire.booter.ForkedBooter.invokeProviderInSameClassLoader(ForkedBooter.java:290)
	at org.apache.maven.surefire.booter.ForkedBooter.runSuitesInProcess(ForkedBooter.java:242)
	at org.apache.maven.surefire.booter.ForkedBooter.main(ForkedBooter.java:121)
]]>
            </full-stacktrace>
          </exception> <!-- org.testng.SkipException -->
          <reporter-output>
          </reporter-output>
        </test-method> <!-- friendList -->
        <test-method status="PASS" signature="quit()[pri:0, instance:com.pageobjectmodel.ddf.testcases.FriendListTest@6b57696f]" name="quit" is-config="true" duration-ms="155" started-at="2017-10-16T15:06:21Z" finished-at="2017-10-16T15:06:21Z">
          <reporter-output>
          </reporter-output>
        </test-method> <!-- quit -->
      </class> <!-- com.pageobjectmodel.ddf.testcases.FriendListTest -->
    </test> <!-- FriendList_Test -->
    <test name="ChangPassword_Test" duration-ms="178" started-at="2017-10-16T09:36:21Z" finished-at="2017-10-16T09:36:21Z">
      <class name="com.pageobjectmodel.ddf.testcases.ChangePasswordTest">
        <test-method status="SKIP" signature="changePswd(java.lang.String, java.lang.String, java.lang.String)[pri:0, instance:com.pageobjectmodel.ddf.testcases.ChangePasswordTest@26a7b76d]" name="changePswd" duration-ms="3" started-at="2017-10-16T15:06:21Z" data-provider="getChangePasswordData" finished-at="2017-10-16T15:06:21Z">
          <params>
            <param index="0">
              <value>
                <![CDATA[rajani07aug@@gmail.com]]>
              </value>
            </param>
            <param index="1">
              <value>
                <![CDATA[Virgo@2004]]>
              </value>
            </param>
            <param index="2">
              <value>
                <![CDATA[Virgo@2005]]>
              </value>
            </param>
          </params>
          <exception class="org.testng.SkipException">
            <message>
              <![CDATA[Skipping the test as Rnumode is N]]>
            </message>
            <full-stacktrace>
              <![CDATA[org.testng.SkipException: Skipping the test as Rnumode is N
	at com.pageobjectmodel.ddf.testcases.ChangePasswordTest.changePswd(ChangePasswordTest.java:55)
	at sun.reflect.NativeMethodAccessorImpl.invoke0(Native Method)
	at sun.reflect.NativeMethodAccessorImpl.invoke(NativeMethodAccessorImpl.java:62)
	at sun.reflect.DelegatingMethodAccessorImpl.invoke(DelegatingMethodAccessorImpl.java:43)
	at java.lang.reflect.Method.invoke(Method.java:497)
	at org.testng.internal.MethodInvocationHelper.invokeMethod(MethodInvocationHelper.java:108)
	at org.testng.internal.Invoker.invokeMethod(Invoker.java:661)
	at org.testng.internal.Invoker.invokeTestMethod(Invoker.java:869)
	at org.testng.internal.Invoker.invokeTestMethods(Invoker.java:1193)
	at org.testng.internal.TestMethodWorker.invokeTestMethods(TestMethodWorker.java:126)
	at org.testng.internal.TestMethodWorker.run(TestMethodWorker.java:109)
	at org.testng.TestRunner.privateRun(TestRunner.java:744)
	at org.testng.TestRunner.run(TestRunner.java:602)
	at org.testng.SuiteRunner.runTest(SuiteRunner.java:380)
	at org.testng.SuiteRunner.runSequentially(SuiteRunner.java:375)
	at org.testng.SuiteRunner.privateRun(SuiteRunner.java:340)
	at org.testng.SuiteRunner.run(SuiteRunner.java:289)
	at org.testng.SuiteRunnerWorker.runSuite(SuiteRunnerWorker.java:52)
	at org.testng.SuiteRunnerWorker.run(SuiteRunnerWorker.java:86)
	at org.testng.TestNG.runSuitesSequentially(TestNG.java:1301)
	at org.testng.TestNG.runSuitesLocally(TestNG.java:1226)
	at org.testng.TestNG.runSuites(TestNG.java:1144)
	at org.testng.TestNG.run(TestNG.java:1115)
	at org.apache.maven.surefire.testng.TestNGExecutor.run(TestNGExecutor.java:281)
	at org.apache.maven.surefire.testng.TestNGXmlTestSuite.execute(TestNGXmlTestSuite.java:75)
	at org.apache.maven.surefire.testng.TestNGProvider.invoke(TestNGProvider.java:121)
	at org.apache.maven.surefire.booter.ForkedBooter.invokeProviderInSameClassLoader(ForkedBooter.java:290)
	at org.apache.maven.surefire.booter.ForkedBooter.runSuitesInProcess(ForkedBooter.java:242)
	at org.apache.maven.surefire.booter.ForkedBooter.main(ForkedBooter.java:121)
]]>
            </full-stacktrace>
          </exception> <!-- org.testng.SkipException -->
          <reporter-output>
          </reporter-output>
        </test-method> <!-- changePswd -->
        <test-method status="PASS" signature="init()[pri:0, instance:com.pageobjectmodel.ddf.testcases.ChangePasswordTest@26a7b76d]" name="init" is-config="true" duration-ms="0" started-at="2017-10-16T15:06:21Z" finished-at="2017-10-16T15:06:21Z">
          <reporter-output>
          </reporter-output>
        </test-method> <!-- init -->
        <test-method status="PASS" signature="quit()[pri:0, instance:com.pageobjectmodel.ddf.testcases.ChangePasswordTest@26a7b76d]" name="quit" is-config="true" duration-ms="170" started-at="2017-10-16T15:06:21Z" finished-at="2017-10-16T15:06:21Z">
          <reporter-output>
          </reporter-output>
        </test-method> <!-- quit -->
      </class> <!-- com.pageobjectmodel.ddf.testcases.ChangePasswordTest -->
    </test> <!-- ChangPassword_Test -->
  </suite> <!-- Suite -->
</testng-results>
